[debug] [2023-05-25T17:52:21.379Z] ----------------------------------------------------------------------
[debug] [2023-05-25T17:52:21.381Z] Command:       C:\Program Files\nodejs\node.exe C:\Users\Cristhiam Oblitas\AppData\Roaming\npm\node_modules\firebase-tools\lib\bin\firebase.js init
[debug] [2023-05-25T17:52:21.381Z] CLI Version:   12.0.1
[debug] [2023-05-25T17:52:21.382Z] Platform:      win32
[debug] [2023-05-25T17:52:21.382Z] Node Version:  v18.16.0
[debug] [2023-05-25T17:52:21.383Z] Time:          Thu May 25 2023 12:52:21 GMT-0500 (hora estándar de Perú)
[debug] [2023-05-25T17:52:21.383Z] ----------------------------------------------------------------------
[debug] 
[debug] [2023-05-25T17:52:21.466Z] > command requires scopes: ["email","openid","https://www.googleapis.com/auth/cloudplatformprojects.readonly","https://www.googleapis.com/auth/firebase","https://www.googleapis.com/auth/cloud-platform"]
[debug] [2023-05-25T17:52:21.467Z] > authorizing via signed-in user (hectororlando25@gmail.com)
[info] 
     ######## #### ########  ######## ########     ###     ######  ########
     ##        ##  ##     ## ##       ##     ##  ##   ##  ##       ##
     ######    ##  ########  ######   ########  #########  ######  ######
     ##        ##  ##    ##  ##       ##     ## ##     ##       ## ##
     ##       #### ##     ## ######## ########  ##     ##  ######  ########

You're about to initialize a Firebase project in this directory:

  C:\Users\Cristhiam Oblitas\Desktop\PersonitasWeb

Before we get started, keep in mind:

  * You are initializing within an existing Firebase project directory

[info] 
=== Project Setup
[info] 
[info] First, let's associate this project directory with a Firebase project.
[info] You can create multiple project aliases by running firebase use --add, 
[info] but for now we'll just set up a default project.
[info] 
[debug] [2023-05-25T17:52:28.595Z] Using project from CLI flag: personitasdb
[debug] [2023-05-25T17:52:28.598Z] >>> [apiv2][query] GET https://firebase.googleapis.com/v1beta1/projects/personitasdb [none]
[debug] [2023-05-25T17:52:29.543Z] <<< [apiv2][status] GET https://firebase.googleapis.com/v1beta1/projects/personitasdb 200
[debug] [2023-05-25T17:52:29.544Z] <<< [apiv2][body] GET https://firebase.googleapis.com/v1beta1/projects/personitasdb {"projectId":"personitasdb","projectNumber":"30907953556","displayName":"PersonitasDB","name":"projects/personitasdb","resources":{"hostingSite":"personitasdb","realtimeDatabaseInstance":"personitasdb-default-rtdb"},"state":"ACTIVE","etag":"1_a92e7ddb-6865-4118-aafe-8e27ba5ea90c"}
[info] i  Using project personitasdb (PersonitasDB) 
[info] 
=== Hosting Setup
[info] 
[info] Your public directory is the folder (relative to your project directory) that
[info] will contain Hosting assets to be uploaded with firebase deploy. If you
[info] have a build process for your assets, use your build's output directory.
[info] 
